  FileOpSop.cpp
C:\Users\李乃双\Desktop\wams\wamap_lfo4_nusp\powoscana\FileOpSop.h(4,10): fatal error C1083: 无法打开包括文件: “pub.h”: No such file or directory
  HisdbAccess.cpp
C:\Users\李乃双\Desktop\wams\wamap_lfo4_nusp\powoscana\HisdbAccess.cpp(2,10): fatal error C1083: 无法打开包括文件: “system.h”: No such file or directory
  lfo_ana_obj.cpp
C:\Users\李乃双\Desktop\wams\wamap_lfo4_nusp\powoscana\lfo_ana_obj.h(12,10): fatal error C1083: 无法打开包括文件: “pubwamsdata.h”: No such file or directory
  wam_lfo_ana.cpp
C:\Users\李乃双\Desktop\wams\wamap_lfo4_nusp\powoscana\lfo_ana_obj.h(12,10): fatal error C1083: 无法打开包括文件: “pubwamsdata.h”: No such file or directory
  LFOAnaByCurve.cpp
C:\Users\李乃双\Desktop\wams\wamap_lfo4_nusp\powoscana_so\LFOAnaByCurve.cpp(10,10): fatal error C1083: 无法打开包括文件: “LFOAnaByCurve.h”: No such file or directory
  PronyAnalysis.cpp
C:\Users\李乃双\Desktop\wams\wamap_lfo4_nusp\powoscana_so\PronyAnalysis.h(36,11): fatal error C1083: 无法打开包括文件: “unistd.h”: No such file or directory
  DataFile.cpp
C:\Users\李乃双\Desktop\wams\wamap_lfo4_nusp\pub\DataFile.h(60,10): fatal error C1083: 无法打开包括文件: “unistd.h”: No such file or directory
  pubfun.cpp
C:\Users\李乃双\Desktop\wams\wamap_lfo4_nusp\pub\pubfun.h(38,10): fatal error C1083: 无法打开包括文件: “unistd.h”: No such file or directory
  public_m.cpp
C:\Users\李乃双\Desktop\wams\wamap_lfo4_nusp\pub\public_m.h(9,9): fatal error C1083: 无法打开包括文件: “mcode/mvector.h”: No such file or directory
  pubodbapi.cpp
C:\Users\李乃双\Desktop\wams\wamap_lfo4_nusp\pub\pubodbapi.h(144,10): fatal error C1083: 无法打开包括文件: “db_def/db_define.h”: No such file or directory
  pubwamsdata.cpp
C:\Users\李乃双\Desktop\wams\wamap_lfo4_nusp\pub\pubwamsdata.h(34,10): fatal error C1083: 无法打开包括文件: “system.h”: No such file or directory
  trigger_sample_m.cpp
C:\Users\李乃双\Desktop\wams\wamap_lfo4_nusp\pub\trigger_sample_m.h(9,9): fatal error C1083: 无法打开包括文件: “mcode/mvector.h”: No such file or directory
  warn_service_message.cpp
  warn_service_message_m.cpp
C:\Users\李乃双\Desktop\wams\wamap_lfo4_nusp\pub\warn_service_message_m.h(5,9): fatal error C1083: 无法打开包括文件: “mcode/mvector.h”: No such file or directory
  wamtool.cpp
C:\Users\李乃双\Desktop\wams\wamap_lfo4_nusp\wamtool\wamtoolobj.h(15,10): fatal error C1083: 无法打开包括文件: “pubodbapi.h”: No such file or directory
  wamtoolobj.cpp
C:\Users\李乃双\Desktop\wams\wamap_lfo4_nusp\wamtool\wamtoolobj.h(15,10): fatal error C1083: 无法打开包括文件: “pubodbapi.h”: No such file or directory
  正在生成代码...
